This file contains any messages produced by compilers while
running CMake, to aid debugging if configure makes a mistake.

It was created by pinocchio_rerun CMake configuration process 0.1.0, which was
generated by CMake 3.30.2.

## --------- ##
## Platform. ##
## --------- ##

hostname = toyoni
system = Linux-5.15.0-113-generic
processor = x86_64
generator = Unix Makefiles

PATH /home/ldematteis/mambaforge/envs/Release/bin
PATH /usr/lib/ccache
PATH /home/ldematteis/mambaforge/condabin
PATH /home/ldematteis/.local/bin
PATH /usr/local/sbin
PATH /usr/local/bin
PATH /usr/sbin
PATH /usr/bin
PATH /sbin
PATH /bin
PATH /usr/games
PATH /usr/local/games
PATH /snap/bin
PATH /snap/bin
PATH /home/ldematteis/.dotnet/tools

PKG_CONFIG_PATH undefined

## ---------------- ##
## CMake variables. ##
## ---------------- ##

CMAKE_ROOT = /home/ldematteis/mambaforge/envs/Release/share/cmake-3.30
CMAKE_INCLUDE_PATH = 
CMAKE_LIBRARY_PATH = 
CMAKE_PREFIX_PATH = /home/ldematteis/mambaforge/envs/Release
CMAKE_INSTALL_ALWAYS = 
CMAKE_SKIP_RPATH = NO
CMAKE_SUPPRESS_REGENERATION = 
BUILD_SHARED_LIBS = 

CMAKE_INSTALL_PREFIX = /home/ldematteis/mambaforge/envs/Release
PROJECT_SOURCE_DIR = /local/usr/ldematteis/Repositories/Software_Perso/pinocchio-rerun
PROJECT_SOURCE_DIR = /local/usr/ldematteis/Repositories/Software_Perso/pinocchio-rerun
PROJECT_BINARY_DIR = /local/usr/ldematteis/Repositories/Software_Perso/pinocchio-rerun/build
CMAKE_BINARY_DIR = /local/usr/ldematteis/Repositories/Software_Perso/pinocchio-rerun/build

CMAKE_AR = /home/ldematteis/mambaforge/envs/Release/bin/ar
CMAKE_RANLIB = /home/ldematteis/mambaforge/envs/Release/bin/ranlib
CMAKE_BUILD_TYPE = Release
CMAKE_CONFIGURATION_TYPES = 
CMAKE_SHARED_LINKER_FLAGS = -Wl,-O2 -Wl,--sort-common -Wl,--as-needed -Wl,-z,relro -Wl,-z,now -Wl,--disable-new-dtags -Wl,--gc-sections -Wl,--allow-shlib-undefined -Wl,-rpath,/home/ldematteis/mambaforge/envs/Release/lib -Wl,-rpath-link,/home/ldematteis/mambaforge/envs/Release/lib -L/home/ldematteis/mambaforge/envs/Release/lib

CMAKE_C_COMPILER = 
CMAKE_C_FLAGS = 
CMAKE_C_FLAGS_DEBUG = 
CMAKE_C_FLAGS_RELEASE = 
CMAKE_CXX_COMPILER = /home/ldematteis/mambaforge/envs/Release/bin/g++
CMAKE_CXX_FLAGS = -pedantic -Wno-long-long -Wall -Wextra -Wcast-align -Wcast-qual -Wformat -Wwrite-strings -Wconversion -fvisibility-inlines-hidden -fmessage-length=0 -march=nocona -mtune=haswell -ftree-vectorize -fPIC -fstack-protector-strong -fno-plt -O2 -ffunction-sections -pipe -isystem /home/ldematteis/mambaforge/envs/Release/include
CMAKE_CXX_FLAGS_DEBUG = -g
CMAKE_CXX_FLAGS_RELEASE = -O3 -DNDEBUG
CMAKE_CXX_FLAGS_RELWITHDEBINFO = -O2 -g -DNDEBUG

CMAKE_STATIC_LIBRARY_PREFIX = lib
CMAKE_STATIC_LIBRARY_SUFFIX = .a
CMAKE_SHARED_LIBRARY_PREFIX = lib
CMAKE_SHARED_LIBRARY_SUFFIX = .so
CMAKE_SHARED_MODULE_PREFIX = lib
CMAKE_SHARED_MODULE_SUFFIX = .so

## ------------------ ##
## Watched variables. ##
## ------------------ ##

WARNING_CXX_FLAGS = -pedantic -Wno-long-long -Wall -Wextra -Wcast-align -Wcast-qual -Wformat -Wwrite-strings -Wconversion
_PKG_CONFIG_FOUND = undefined
PKG_CONFIG_EXECUTABLE = /usr/bin/pkg-config
_PKG_CONFIG_PREFIX = ${pcfiledir}/../..
_PKG_CONFIG_EXEC_PREFIX = ${pcfiledir}/../..
_PKG_CONFIG_LIBDIR = ${pcfiledir}/../../lib
_PKG_CONFIG_BINDIR = ${pcfiledir}/../../bin
_PKG_CONFIG_PKGLIBDIR = ${pcfiledir}/../../lib/pinocchio_rerun
_PKG_CONFIG_INCLUDEDIR = ${pcfiledir}/../../include
_PKG_CONFIG_DATAROOTDIR = ${pcfiledir}/../../share
_PKG_CONFIG_PKGDATAROOTDIR = ${pcfiledir}/../../share
_PKG_CONFIG_DOCDIR = ${pcfiledir}/../../share/doc/pinocchio_rerun
_PKG_CONFIG_DOXYGENDOCDIR = ${pcfiledir}/../../share/doc/pinocchio_rerun/doxygen-html
_PKG_CONFIG_PROJECT_NAME = pinocchio_rerun
_PKG_CONFIG_DESCRIPTION = A C++-based visualizer for Pinocchio using rerun
_PKG_CONFIG_URL = https://github.com/ManifoldFR/pinocchio-rerun
_PKG_CONFIG_VERSION = 0.1.0
_PKG_CONFIG_REQUIRES = 
_PKG_CONFIG_REQUIRES_DEBUG = 
_PKG_CONFIG_REQUIRES_OPTIMIZED = 
_PKG_CONFIG_COMPILE_TIME_REQUIRES = 
_PKG_CONFIG_CONFLICTS = 
_PKG_CONFIG_LIBS = 
_PKG_CONFIG_LIBS_DEBUG = -L${libdir}
_PKG_CONFIG_LIBS_OPTIMIZED = -L${libdir}
_PKG_CONFIG_LIBS_PRIVATE = 
_PKG_CONFIG_CFLAGS = -I${includedir}
_PKG_CONFIG_CFLAGS_DEBUG = 
_PKG_CONFIG_CFLAGS_OPTIMIZED = 
_PKG_CONFIG_FILENAME = pinocchio_rerun.pc
PKG_CONFIG_EXTRA = 
DOXYGEN_SKIP_DOT = undefined
DOXYGEN_EXECUTABLE = /usr/bin/doxygen
DOXYGEN_FOUND = YES
DOXYGEN_DOT_EXECUTABLE = /usr/bin/dot
DOXYGEN_DOT_FOUND = YES
DOXYGEN_DOT_PATH = /usr/bin
DOXYGEN_DOT_IMAGE_FORMAT = undefined
DOXYGEN_USE_MATHJAX = undefined
DOXYGEN_USE_TEMPLATE_CSS = undefined
PYTHONINTERP_FOUND = undefined
PYTHONLIBS_FOUND = TRUE
PYTHON_LIBRARY_DIRS = 
PYTHONLIBS_VERSION_STRING = 3.12.5
PYTHON_EXECUTABLE = /home/ldematteis/mambaforge/envs/Release/bin/python
PYTHON_SOABI = .cpython-312-x86_64-linux-gnu
PYTHON_EXT_SUFFIX = .cpython-312-x86_64-linux-gnu.so
Boost_PYTHON312_FOUND = ON
Boost_PYTHON312_LIBRARY = /home/ldematteis/mambaforge/envs/Release/lib/libboost_python312.so
Boost_PYTHON312_LIBRARY_DEBUG = /home/ldematteis/mambaforge/envs/Release/lib/libboost_python312.so
Boost_PYTHON312_LIBRARY_RELEASE = /home/ldematteis/mambaforge/envs/Release/lib/libboost_python312.so
Boost_PYTHON_LIBRARY = /home/ldematteis/mambaforge/envs/Release/lib/libboost_python312.so
## ---------------- ##
## Watched targets. ##
## ---------------- ##

